[2024-05-12T06:39:06.701+0000] {taskinstance.py:1159} INFO - Dependencies all met for dep_context=non-requeueable deps ti=<TaskInstance: crawl_dag.send_email manual__2024-05-12T06:38:54.738997+00:00 [queued]>
[2024-05-12T06:39:06.712+0000] {taskinstance.py:1159} INFO - Dependencies all met for dep_context=requeueable deps ti=<TaskInstance: crawl_dag.send_email manual__2024-05-12T06:38:54.738997+00:00 [queued]>
[2024-05-12T06:39:06.713+0000] {taskinstance.py:1361} INFO - Starting attempt 1 of 2
[2024-05-12T06:39:06.726+0000] {taskinstance.py:1382} INFO - Executing <Task(PythonOperator): send_email> on 2024-05-12 06:38:54.738997+00:00
[2024-05-12T06:39:06.732+0000] {standard_task_runner.py:57} INFO - Started process 473 to run task
[2024-05-12T06:39:06.735+0000] {standard_task_runner.py:84} INFO - Running: ['***', 'tasks', 'run', 'crawl_dag', 'send_email', 'manual__2024-05-12T06:38:54.738997+00:00', '--job-id', '340', '--raw', '--subdir', 'DAGS_FOLDER/demo.py', '--cfg-path', '/tmp/tmp3p9rt4yk']
[2024-05-12T06:39:06.738+0000] {standard_task_runner.py:85} INFO - Job 340: Subtask send_email
[2024-05-12T06:39:06.781+0000] {task_command.py:416} INFO - Running <TaskInstance: crawl_dag.send_email manual__2024-05-12T06:38:54.738997+00:00 [running]> on host 33d344986a85
[2024-05-12T06:39:06.864+0000] {taskinstance.py:1662} INFO - Exporting env vars: AIRFLOW_CTX_DAG_OWNER='thinhcute' AIRFLOW_CTX_DAG_ID='crawl_dag' AIRFLOW_CTX_TASK_ID='send_email' AIRFLOW_CTX_EXECUTION_DATE='2024-05-12T06:38:54.738997+00:00' AIRFLOW_CTX_TRY_NUMBER='1' AIRFLOW_CTX_DAG_RUN_ID='manual__2024-05-12T06:38:54.738997+00:00'
[2024-05-12T06:39:07.182+0000] {logging_mixin.py:151} INFO - 202
[2024-05-12T06:39:07.183+0000] {logging_mixin.py:151} INFO - b''
[2024-05-12T06:39:07.184+0000] {logging_mixin.py:151} INFO - Server: nginx
Date: Sun, 12 May 2024 06:39:07 GMT
Content-Length: 0
Connection: close
X-Message-Id: Tv1sEcYjQl2KWQZwK6Eajg
Access-Control-Allow-Origin: https://sendgrid.api-docs.io
Access-Control-Allow-Methods: POST
Access-Control-Allow-Headers: Authorization, Content-Type, On-behalf-of, x-sg-elas-acl
Access-Control-Max-Age: 600
X-No-CORS-Reason: https://sendgrid.com/docs/Classroom/Basics/API/cors.html
Strict-Transport-Security: max-age=600; includeSubDomains
[2024-05-12T06:39:07.185+0000] {logging_mixin.py:151} INFO - 2024-05-12 06:39:07.185248
[2024-05-12T06:39:07.186+0000] {python.py:194} INFO - Done. Returned value was: True
[2024-05-12T06:39:07.209+0000] {taskinstance.py:1400} INFO - Marking task as SUCCESS. dag_id=crawl_dag, task_id=send_email, execution_date=20240512T063854, start_date=20240512T063906, end_date=20240512T063907
[2024-05-12T06:39:07.229+0000] {local_task_job_runner.py:228} INFO - Task exited with return code 0
[2024-05-12T06:39:07.244+0000] {taskinstance.py:2778} INFO - 0 downstream tasks scheduled from follow-on schedule check
